\BOOKMARK [0][]{chapter.1}{1\040Preface}{}% 1
\BOOKMARK [1][-]{section.1.1}{1.1\040Physicochemical\040Properties}{chapter.1}% 2
\BOOKMARK [2][-]{subsection.1.1.1}{1.1.1\040Structure\040and\040Mechanism}{section.1.1}% 3
\BOOKMARK [2][-]{subsection.1.1.2}{1.1.2\040Function\040and\040Applications}{section.1.1}% 4
\BOOKMARK [1][-]{section.1.2}{1.2\040Discussion\040on\040the\040Application}{chapter.1}% 5
\BOOKMARK [2][-]{subsection.1.2.1}{1.2.1\040Applications\040in\040Food\040Industry}{section.1.2}% 6
\BOOKMARK [2][-]{subsection.1.2.2}{1.2.2\040Clinical\040Applications}{section.1.2}% 7
\BOOKMARK [1][-]{section.1.3}{1.3\040Applications\040of\040Lyzoenzymes}{chapter.1}% 8
\BOOKMARK [2][-]{subsection.1.3.1}{1.3.1\040Applications\040in\040Food\040and\040Fermentation\040Industry}{section.1.3}% 9
\BOOKMARK [2][-]{subsection.1.3.2}{1.3.2\040Applications\040in\040Medical\040Industry}{section.1.3}% 10
\BOOKMARK [2][-]{subsection.1.3.3}{1.3.3\040Other\040Applications}{section.1.3}% 11
\BOOKMARK [2][-]{subsection.1.3.4}{1.3.4\040Limitations}{section.1.3}% 12
\BOOKMARK [0][]{chapter.2}{2\040Lysozyme\040Extraction,\040Isolation\040and\040Purification\040Experiments\040and\040Condition\040Optimization\040Methods}{}% 13
\BOOKMARK [1][-]{section.2.1}{2.1\040Experimental\040Setup}{chapter.2}% 14
\BOOKMARK [2][-]{subsection.2.1.1}{2.1.1\040Experimental\040Reagents\040and\040Equipments}{section.2.1}% 15
\BOOKMARK [2][-]{subsection.2.1.2}{2.1.2\040Pre-treatment\040of\040Egg\040White\040Samples}{section.2.1}% 16
\BOOKMARK [2][-]{subsection.2.1.3}{2.1.3\040Purification\040Process}{section.2.1}% 17
\BOOKMARK [2][-]{subsection.2.1.4}{2.1.4\040Concentration\040Measurement}{section.2.1}% 18
\BOOKMARK [2][-]{subsection.2.1.5}{2.1.5\040Antibacterial\040Test}{section.2.1}% 19
\BOOKMARK [0][]{chapter.3}{3\040Analysis\040of\040Results\040of\040lysozyme\040Extraction,\040Separation\040and\040Purification\040Experiments}{}% 20
\BOOKMARK [1][-]{section.3.1}{3.1\040Extraction\040Conditions}{chapter.3}% 21
\BOOKMARK [1][-]{section.3.2}{3.2\040Separation\040and\040Purification\040Conditions}{chapter.3}% 22
\BOOKMARK [0][]{chapter.4}{4\040Conclusion}{}% 23
\BOOKMARK [0][]{chapter*.4}{致谢}{}% 24
